TN:
SF:file.js
FN:4,<static_initializer>
FN:8,render
FN:19,displayInputBox
FN:24,connectedCallback
FNF:4
FNH:4
FNDA:1,<static_initializer>
FNDA:1,render
FNDA:5,displayInputBox
FNDA:5,connectedCallback
DA:1,1
DA:2,1
DA:3,1
DA:4,1
DA:5,1
DA:6,1
DA:7,1
DA:8,1
DA:9,1
DA:10,1
DA:11,1
DA:12,1
DA:13,1
DA:14,1
DA:15,1
DA:16,1
DA:17,1
DA:18,1
DA:19,1
DA:20,5
DA:21,5
DA:22,5
DA:23,1
DA:24,1
DA:25,5
DA:26,5
DA:27,5
DA:28,5
DA:29,5
DA:30,5
DA:31,5
DA:32,5
DA:33,5
DA:34,5
DA:35,5
DA:36,5
DA:37,5
DA:38,5
DA:39,5
DA:40,5
DA:41,5
DA:42,5
DA:43,3
DA:44,3
DA:45,3
DA:46,3
DA:47,3
DA:48,5
DA:49,5
DA:50,1
DA:51,1
DA:52,5
DA:53,5
DA:54,5
DA:55,1
DA:56,1
DA:57,1
DA:58,1
DA:59,1
DA:60,1
DA:61,1
LF:61
LH:61
BRDA:1,0,0,1
BRDA:4,1,0,1
BRDA:8,2,0,1
BRDA:19,3,0,5
BRDA:24,4,0,5
BRDA:42,5,0,3
BRDA:49,6,0,1
BRF:7
BRH:7
end_of_record
